[2025-03-17 14:40:57] local.ERROR: There are no commands defined in the "breeze" namespace. {"exception":"[object] (Symfony\\Component\\Console\\Exception\\NamespaceNotFoundException(code: 0): There are no commands defined in the \"breeze\" namespace. at /var/www/laravel_as2/vendor/symfony/console/Application.php:660)
[stacktrace]
#0 /var/www/laravel_as2/vendor/symfony/console/Application.php(709): Symfony\\Component\\Console\\Application->findNamespace()
#1 /var/www/laravel_as2/vendor/symfony/console/Application.php(284): Symfony\\Component\\Console\\Application->find()
#2 /var/www/laravel_as2/vendor/symfony/console/Application.php(193): Symfony\\Component\\Console\\Application->doRun()
#3 /var/www/laravel_as2/vendor/laravel/framework/src/Illuminate/Foundation/Console/Kernel.php(198): Symfony\\Component\\Console\\Application->run()
#4 /var/www/laravel_as2/vendor/laravel/framework/src/Illuminate/Foundation/Application.php(1235): Illuminate\\Foundation\\Console\\Kernel->handle()
#5 /var/www/laravel_as2/artisan(16): Illuminate\\Foundation\\Application->handleCommand()
#6 {main}
"} 
[2025-03-17 14:54:13] local.ERROR: Command "make:auth" is not defined.

Did you mean one of these?
    make:cache-table
    make:cast
    make:channel
    make:class
    make:command
    make:component
    make:controller
    make:enum
    make:event
    make:exception
    make:factory
    make:interface
    make:job
    make:job-middleware
    make:listener
    make:mail
    make:middleware
    make:migration
    make:model
    make:notification
    make:notifications-table
    make:observer
    make:policy
    make:provider
    make:queue-batches-table
    make:queue-failed-table
    make:queue-table
    make:request
    make:resource
    make:rule
    make:scope
    make:seeder
    make:session-table
    make:test
    make:trait
    make:view {"exception":"[object] (Symfony\\Component\\Console\\Exception\\CommandNotFoundException(code: 0): Command \"make:auth\" is not defined.

Did you mean one of these?
    make:cache-table
    make:cast
    make:channel
    make:class
    make:command
    make:component
    make:controller
    make:enum
    make:event
    make:exception
    make:factory
    make:interface
    make:job
    make:job-middleware
    make:listener
    make:mail
    make:middleware
    make:migration
    make:model
    make:notification
    make:notifications-table
    make:observer
    make:policy
    make:provider
    make:queue-batches-table
    make:queue-failed-table
    make:queue-table
    make:request
    make:resource
    make:rule
    make:scope
    make:seeder
    make:session-table
    make:test
    make:trait
    make:view at /var/www/laravel_as2/vendor/symfony/console/Application.php:726)
[stacktrace]
#0 /var/www/laravel_as2/vendor/symfony/console/Application.php(284): Symfony\\Component\\Console\\Application->find()
#1 /var/www/laravel_as2/vendor/symfony/console/Application.php(193): Symfony\\Component\\Console\\Application->doRun()
#2 /var/www/laravel_as2/vendor/laravel/framework/src/Illuminate/Foundation/Console/Kernel.php(198): Symfony\\Component\\Console\\Application->run()
#3 /var/www/laravel_as2/vendor/laravel/framework/src/Illuminate/Foundation/Application.php(1235): Illuminate\\Foundation\\Console\\Kernel->handle()
#4 /var/www/laravel_as2/artisan(16): Illuminate\\Foundation\\Application->handleCommand()
#5 {main}
"} 
